# JRE version: Java(TM) SE Runtime Environment (8.0_241-b07) (build 1.8.0_241-b07)
# Java VM: Java HotSpot(TM) 64-Bit Server VM (25.241-b07 mixed mode windows-amd64 compressed oops)
Heap:
 PSYoungGen      total 94208K, used 40126K [0x00000000d5f00000, 0x00000000ddb00000, 0x0000000100000000)
  eden space 76288K, 52% used [0x00000000d5f00000,0x00000000d862f930,0x00000000da980000)
  from space 17920K, 0% used [0x00000000dbc00000,0x00000000dbc00000,0x00000000dcd80000)
  to   space 18944K, 0% used [0x00000000da980000,0x00000000da980000,0x00000000dbc00000)
 ParOldGen       total 68608K, used 29151K [0x0000000081c00000, 0x0000000085f00000, 0x00000000d5f00000)
  object space 68608K, 42% used [0x0000000081c00000,0x0000000083877fc0,0x0000000085f00000)
 Metaspace       used 38303K, capacity 38902K, committed 39168K, reserved 1083392K
  class space    used 4364K, capacity 4600K, committed 4608K, reserved 1048576K
GC Heap History (10 events):
Event: 205.842 GC heap before
{Heap before GC invocations=14 (full 1):
 PSYoungGen      total 73728K, used 70820K [0x00000000d5f00000, 0x00000000db200000, 0x0000000100000000)
  eden space 65536K, 100% used [0x00000000d5f00000,0x00000000d9f00000,0x00000000d9f00000)
  from space 8192K, 64% used [0x00000000daa00000,0x00000000daf29180,0x00000000db200000)
  to   space 9728K, 0% used [0x00000000d9f00000,0x00000000d9f00000,0x00000000da880000)
 ParOldGen       total 68608K, used 10356K [0x0000000081c00000, 0x0000000085f00000, 0x00000000d5f00000)
  object space 68608K, 15% used [0x0000000081c00000,0x000000008261d108,0x0000000085f00000)
 Metaspace       used 23714K, capacity 24234K, committed 24448K, reserved 1071104K
  class space    used 2694K, capacity 2884K, committed 2944K, reserved 1048576K
Event: 205.882 GC heap after
Heap after GC invocations=14 (full 1):
 PSYoungGen      total 71680K, used 7484K [0x00000000d5f00000, 0x00000000db180000, 0x0000000100000000)
  eden space 64000K, 0% used [0x00000000d5f00000,0x00000000d5f00000,0x00000000d9d80000)
  from space 7680K, 97% used [0x00000000d9f00000,0x00000000da64f1f0,0x00000000da680000)
  to   space 10240K, 0% used [0x00000000da780000,0x00000000da780000,0x00000000db180000)
 ParOldGen       total 68608K, used 10364K [0x0000000081c00000, 0x0000000085f00000, 0x00000000d5f00000)
  object space 68608K, 15% used [0x0000000081c00000,0x000000008261f108,0x0000000085f00000)
 Metaspace       used 23714K, capacity 24234K, committed 24448K, reserved 1071104K
  class space    used 2694K, capacity 2884K, committed 2944K, reserved 1048576K
}
Event: 217.619 GC heap before
{Heap before GC invocations=15 (full 1):
 PSYoungGen      total 71680K, used 71484K [0x00000000d5f00000, 0x00000000db180000, 0x0000000100000000)
  eden space 64000K, 100% used [0x00000000d5f00000,0x00000000d9d80000,0x00000000d9d80000)
  from space 7680K, 97% used [0x00000000d9f00000,0x00000000da64f1f0,0x00000000da680000)
  to   space 10240K, 0% used [0x00000000da780000,0x00000000da780000,0x00000000db180000)
 ParOldGen       total 68608K, used 10364K [0x0000000081c00000, 0x0000000085f00000, 0x00000000d5f00000)
  object space 68608K, 15% used [0x0000000081c00000,0x000000008261f108,0x0000000085f00000)
 Metaspace       used 27662K, capacity 28174K, committed 28288K, reserved 1075200K
  class space    used 3221K, capacity 3412K, committed 3456K, reserved 1048576K
Event: 217.654 GC heap after
Heap after GC invocations=15 (full 1):
 PSYoungGen      total 72704K, used 10235K [0x00000000d5f00000, 0x00000000db300000, 0x0000000100000000)
  eden space 62464K, 0% used [0x00000000d5f00000,0x00000000d5f00000,0x00000000d9c00000)
  from space 10240K, 99% used [0x00000000da780000,0x00000000db17ed88,0x00000000db180000)
  to   space 11776K, 0% used [0x00000000d9c00000,0x00000000d9c00000,0x00000000da780000)
 ParOldGen       total 68608K, used 12125K [0x0000000081c00000, 0x0000000085f00000, 0x00000000d5f00000)
  object space 68608K, 17% used [0x0000000081c00000,0x00000000827d7740,0x0000000085f00000)
 Metaspace       used 27662K, capacity 28174K, committed 28288K, reserved 1075200K
  class space    used 3221K, capacity 3412K, committed 3456K, reserved 1048576K
}
Event: 220.477 GC heap before
{Heap before GC invocations=16 (full 1):
 PSYoungGen      total 72704K, used 72699K [0x00000000d5f00000, 0x00000000db300000, 0x0000000100000000)
  eden space 62464K, 100% used [0x00000000d5f00000,0x00000000d9c00000,0x00000000d9c00000)
  from space 10240K, 99% used [0x00000000da780000,0x00000000db17ed88,0x00000000db180000)
  to   space 11776K, 0% used [0x00000000d9c00000,0x00000000d9c00000,0x00000000da780000)
 ParOldGen       total 68608K, used 12125K [0x0000000081c00000, 0x0000000085f00000, 0x00000000d5f00000)
  object space 68608K, 17% used [0x0000000081c00000,0x00000000827d7740,0x0000000085f00000)
 Metaspace       used 33229K, capacity 33750K, committed 33920K, reserved 1079296K
  class space    used 3742K, capacity 3928K, committed 3968K, reserved 1048576K
Event: 220.528 GC heap after
Heap after GC invocations=16 (full 1):
 PSYoungGen      total 74240K, used 11756K [0x00000000d5f00000, 0x00000000dcd80000, 0x0000000100000000)
  eden space 62464K, 0% used [0x00000000d5f00000,0x00000000d5f00000,0x00000000d9c00000)
  from space 11776K, 99% used [0x00000000d9c00000,0x00000000da77b110,0x00000000da780000)
  to   space 17920K, 0% used [0x00000000dbc00000,0x00000000dbc00000,0x00000000dcd80000)
 ParOldGen       total 68608K, used 24055K [0x0000000081c00000, 0x0000000085f00000, 0x00000000d5f00000)
  object space 68608K, 35% used [0x0000000081c00000,0x000000008337df10,0x0000000085f00000)
 Metaspace       used 33229K, capacity 33750K, committed 33920K, reserved 1079296K
  class space    used 3742K, capacity 3928K, committed 3968K, reserved 1048576K
}
Event: 221.007 GC heap before
{Heap before GC invocations=17 (full 1):
 PSYoungGen      total 74240K, used 23020K [0x00000000d5f00000, 0x00000000dcd80000, 0x0000000100000000)
  eden space 62464K, 18% used [0x00000000d5f00000,0x00000000d6a00210,0x00000000d9c00000)
  from space 11776K, 99% used [0x00000000d9c00000,0x00000000da77b110,0x00000000da780000)
  to   space 17920K, 0% used [0x00000000dbc00000,0x00000000dbc00000,0x00000000dcd80000)
 ParOldGen       total 68608K, used 24055K [0x0000000081c00000, 0x0000000085f00000, 0x00000000d5f00000)
  object space 68608K, 35% used [0x0000000081c00000,0x000000008337df10,0x0000000085f00000)
 Metaspace       used 34740K, capacity 35318K, committed 35456K, reserved 1081344K
  class space    used 3930K, capacity 4152K, committed 4224K, reserved 1048576K
Event: 221.041 GC heap after
Heap after GC invocations=17 (full 1):
 PSYoungGen      total 94208K, used 13413K [0x00000000d5f00000, 0x00000000ddb00000, 0x0000000100000000)
  eden space 76288K, 0% used [0x00000000d5f00000,0x00000000d5f00000,0x00000000da980000)
  from space 17920K, 74% used [0x00000000dbc00000,0x00000000dc9197c8,0x00000000dcd80000)
  to   space 18944K, 0% used [0x00000000da980000,0x00000000da980000,0x00000000dbc00000)
 ParOldGen       total 68608K, used 24055K [0x0000000081c00000, 0x0000000085f00000, 0x00000000d5f00000)
  object space 68608K, 35% used [0x0000000081c00000,0x000000008337df10,0x0000000085f00000)
 Metaspace       used 34740K, capacity 35318K, committed 35456K, reserved 1081344K
  class space    used 3930K, capacity 4152K, committed 4224K, reserved 1048576K
}
Event: 221.041 GC heap before
{Heap before GC invocations=18 (full 2):
 PSYoungGen      total 94208K, used 13413K [0x00000000d5f00000, 0x00000000ddb00000, 0x0000000100000000)
  eden space 76288K, 0% used [0x00000000d5f00000,0x00000000d5f00000,0x00000000da980000)
  from space 17920K, 74% used [0x00000000dbc00000,0x00000000dc9197c8,0x00000000dcd80000)
  to   space 18944K, 0% used [0x00000000da980000,0x00000000da980000,0x00000000dbc00000)
 ParOldGen       total 68608K, used 24055K [0x0000000081c00000, 0x0000000085f00000, 0x00000000d5f00000)
  object space 68608K, 35% used [0x0000000081c00000,0x000000008337df10,0x0000000085f00000)
 Metaspace       used 34740K, capacity 35318K, committed 35456K, reserved 1081344K
  class space    used 3930K, capacity 4152K, committed 4224K, reserved 1048576K
Event: 221.352 GC heap after
Heap after GC invocations=18 (full 2):
 PSYoungGen      total 94208K, used 0K [0x00000000d5f00000, 0x00000000ddb00000, 0x0000000100000000)
  eden space 76288K, 0% used [0x00000000d5f00000,0x00000000d5f00000,0x00000000da980000)
  from space 17920K, 0% used [0x00000000dbc00000,0x00000000dbc00000,0x00000000dcd80000)
  to   space 18944K, 0% used [0x00000000da980000,0x00000000da980000,0x00000000dbc00000)
 ParOldGen       total 68608K, used 29151K [0x0000000081c00000, 0x0000000085f00000, 0x00000000d5f00000)
  object space 68608K, 42% used [0x0000000081c00000,0x0000000083877fc0,0x0000000085f00000)
 Metaspace       used 34740K, capacity 35318K, committed 35456K, reserved 1081344K
  class space    used 3930K, capacity 4152K, committed 4224K, reserved 1048576K
}

